<?xml version="1.0" encoding="UTF-8"?>
<!-- Generated by org.testng.reporters.JUnitXMLReporter -->
<testsuite ignored="0" hostname="NUC1" failures="1" tests="4" name="Test" time="31.724" errors="0" timestamp="2024-03-12T15:40:48 IST">
  <testcase classname="BuydirectTest.TestClass.TC_EnrollPageTest" name="TC0_Verify_title_of_page" time="0.484"/>
  <testcase classname="BuydirectTest.TestClass.TC_EnrollPageTest" name="TC1_Verify_header_logo" time="3.981"/>
  <testcase classname="BuydirectTest.TestClass.TC_EnrollPageTest" name="TC2_Verify_header_image_broken" time="0.452"/>
  <testcase classname="BuydirectTest.TestClass.TC_EnrollPageTest" name="TC3_verify_Submit_button" time="4.217">
    <failure type="java.lang.ArrayIndexOutOfBoundsException" message="Index 1 out of bounds for length 1">
      <![CDATA[java.lang.ArrayIndexOutOfBoundsException: Index 1 out of bounds for length 1
at BuydirectTest.TestClass.TC_EnrollPageTest.TC3_verify_Submit_button(TC_EnrollPageTest.java:79)
at java.base/java.util.ArrayList.forEach(ArrayList.java:1596)
... Removed 25 stack frames]]>
    </failure>
  </testcase> <!-- TC3_verify_Submit_button -->
</testsuite> <!-- Test -->
